# JRE version: Java(TM) SE Runtime Environment (8.0_261-b12) (build 1.8.0_261-b12)
# Java VM: Java HotSpot(TM) 64-Bit Server VM (25.261-b12 mixed mode windows-amd64 compressed oops)
Heap:
 PSYoungGen      total 1397248K, used 1065006K [0x0000000740000000, 0x00000007c0000000, 0x00000007c0000000)
  eden space 699392K, 97% used [0x0000000740000000,0x00000007696ba5d8,0x000000076ab00000)
  from space 697856K, 55% used [0x0000000795680000,0x00000007acfd12c0,0x00000007c0000000)
  to   space 698880K, 0% used [0x000000076ab00000,0x000000076ab00000,0x0000000795580000)
 ParOldGen       total 2317312K, used 1752174K [0x0000000640000000, 0x00000006cd700000, 0x0000000740000000)
  object space 2317312K, 75% used [0x0000000640000000,0x00000006aaf1b968,0x00000006cd700000)
 Metaspace       used 137077K, capacity 153118K, committed 153240K, reserved 1177600K
  class space    used 21142K, capacity 25196K, committed 25240K, reserved 1048576K
GC Heap History (10 events):
Event: 109.995 GC heap before
{Heap before GC invocations=97 (full 7):
 PSYoungGen      total 1376256K, used 1159378K [0x0000000740000000, 0x00000007bf700000, 0x00000007c0000000)
  eden space 783360K, 100% used [0x0000000740000000,0x000000076fd00000,0x000000076fd00000)
  from space 592896K, 63% used [0x000000076fd00000,0x0000000786c34960,0x0000000794000000)
  to   space 629248K, 0% used [0x0000000799080000,0x0000000799080000,0x00000007bf700000)
 ParOldGen       total 2317312K, used 1750161K [0x0000000640000000, 0x00000006cd700000, 0x0000000740000000)
  object space 2317312K, 75% used [0x0000000640000000,0x00000006aad24458,0x00000006cd700000)
 Metaspace       used 134595K, capacity 150122K, committed 150424K, reserved 1175552K
  class space    used 20921K, capacity 24906K, committed 24984K, reserved 1048576K
Event: 110.110 GC heap after
Heap after GC invocations=97 (full 7):
 PSYoungGen      total 1419776K, used 367520K [0x0000000740000000, 0x00000007c0000000, 0x00000007c0000000)
  eden space 790528K, 0% used [0x0000000740000000,0x0000000740000000,0x0000000770400000)
  from space 629248K, 58% used [0x0000000799080000,0x00000007af7683a0,0x00000007bf700000)
  to   space 653312K, 0% used [0x0000000770400000,0x0000000770400000,0x0000000798200000)
 ParOldGen       total 2317312K, used 1750169K [0x0000000640000000, 0x00000006cd700000, 0x0000000740000000)
  object space 2317312K, 75% used [0x0000000640000000,0x00000006aad26458,0x00000006cd700000)
 Metaspace       used 134595K, capacity 150122K, committed 150424K, reserved 1175552K
  class space    used 20921K, capacity 24906K, committed 24984K, reserved 1048576K
}
Event: 110.975 GC heap before
{Heap before GC invocations=98 (full 7):
 PSYoungGen      total 1419776K, used 1158048K [0x0000000740000000, 0x00000007c0000000, 0x00000007c0000000)
  eden space 790528K, 100% used [0x0000000740000000,0x0000000770400000,0x0000000770400000)
  from space 629248K, 58% used [0x0000000799080000,0x00000007af7683a0,0x00000007bf700000)
  to   space 653312K, 0% used [0x0000000770400000,0x0000000770400000,0x0000000798200000)
 ParOldGen       total 2317312K, used 1751734K [0x0000000640000000, 0x00000006cd700000, 0x0000000740000000)
  object space 2317312K, 75% used [0x0000000640000000,0x00000006aaead960,0x00000006cd700000)
 Metaspace       used 134808K, capacity 150406K, committed 150680K, reserved 1175552K
  class space    used 20940K, capacity 24930K, committed 24984K, reserved 1048576K
Event: 111.100 GC heap after
Heap after GC invocations=98 (full 7):
 PSYoungGen      total 1167360K, used 376737K [0x0000000740000000, 0x00000007c0000000, 0x00000007c0000000)
  eden space 790528K, 0% used [0x0000000740000000,0x0000000740000000,0x0000000770400000)
  from space 376832K, 99% used [0x0000000770400000,0x00000007873e8540,0x0000000787400000)
  to   space 673280K, 0% used [0x0000000796e80000,0x0000000796e80000,0x00000007c0000000)
 ParOldGen       total 2317312K, used 1751742K [0x0000000640000000, 0x00000006cd700000, 0x0000000740000000)
  object space 2317312K, 75% used [0x0000000640000000,0x00000006aaeaf960,0x00000006cd700000)
 Metaspace       used 134808K, capacity 150406K, committed 150680K, reserved 1175552K
  class space    used 20940K, capacity 24930K, committed 24984K, reserved 1048576K
}
Event: 111.919 GC heap before
{Heap before GC invocations=99 (full 7):
 PSYoungGen      total 1167360K, used 1167265K [0x0000000740000000, 0x00000007c0000000, 0x00000007c0000000)
  eden space 790528K, 100% used [0x0000000740000000,0x0000000770400000,0x0000000770400000)
  from space 376832K, 99% used [0x0000000770400000,0x00000007873e8540,0x0000000787400000)
  to   space 673280K, 0% used [0x0000000796e80000,0x0000000796e80000,0x00000007c0000000)
 ParOldGen       total 2317312K, used 1751999K [0x0000000640000000, 0x00000006cd700000, 0x0000000740000000)
  object space 2317312K, 75% used [0x0000000640000000,0x00000006aaeefe28,0x00000006cd700000)
 Metaspace       used 135372K, capacity 151066K, committed 151320K, reserved 1175552K
  class space    used 20991K, capacity 25010K, committed 25112K, reserved 1048576K
Event: 112.049 GC heap after
Heap after GC invocations=99 (full 7):
 PSYoungGen      total 1396224K, used 379334K [0x0000000740000000, 0x00000007c0000000, 0x00000007c0000000)
  eden space 722944K, 0% used [0x0000000740000000,0x0000000740000000,0x000000076c200000)
  from space 673280K, 56% used [0x0000000796e80000,0x00000007ae0f1800,0x00000007c0000000)
  to   space 687104K, 0% used [0x000000076c200000,0x000000076c200000,0x0000000796100000)
 ParOldGen       total 2317312K, used 1752158K [0x0000000640000000, 0x00000006cd700000, 0x0000000740000000)
  object space 2317312K, 75% used [0x0000000640000000,0x00000006aaf17968,0x00000006cd700000)
 Metaspace       used 135372K, capacity 151066K, committed 151320K, reserved 1175552K
  class space    used 20991K, capacity 25010K, committed 25112K, reserved 1048576K
}
Event: 113.723 GC heap before
{Heap before GC invocations=100 (full 7):
 PSYoungGen      total 1396224K, used 1102278K [0x0000000740000000, 0x00000007c0000000, 0x00000007c0000000)
  eden space 722944K, 100% used [0x0000000740000000,0x000000076c200000,0x000000076c200000)
  from space 673280K, 56% used [0x0000000796e80000,0x00000007ae0f1800,0x00000007c0000000)
  to   space 687104K, 0% used [0x000000076c200000,0x000000076c200000,0x0000000796100000)
 ParOldGen       total 2317312K, used 1752158K [0x0000000640000000, 0x00000006cd700000, 0x0000000740000000)
  object space 2317312K, 75% used [0x0000000640000000,0x00000006aaf17968,0x00000006cd700000)
 Metaspace       used 135926K, capacity 151792K, committed 152088K, reserved 1175552K
  class space    used 21005K, capacity 25025K, committed 25112K, reserved 1048576K
Event: 113.843 GC heap after
Heap after GC invocations=100 (full 7):
 PSYoungGen      total 1108480K, used 385136K [0x0000000740000000, 0x00000007c0000000, 0x00000007c0000000)
  eden space 722944K, 0% used [0x0000000740000000,0x0000000740000000,0x000000076c200000)
  from space 385536K, 99% used [0x000000076c200000,0x0000000783a1c228,0x0000000783a80000)
  to   space 697856K, 0% used [0x0000000795680000,0x0000000795680000,0x00000007c0000000)
 ParOldGen       total 2317312K, used 1752166K [0x0000000640000000, 0x00000006cd700000, 0x0000000740000000)
  object space 2317312K, 75% used [0x0000000640000000,0x00000006aaf19968,0x00000006cd700000)
 Metaspace       used 135926K, capacity 151792K, committed 152088K, reserved 1175552K
  class space    used 21005K, capacity 25025K, committed 25112K, reserved 1048576K
}
Event: 115.066 GC heap before
{Heap before GC invocations=101 (full 7):
 PSYoungGen      total 1108480K, used 1108080K [0x0000000740000000, 0x00000007c0000000, 0x00000007c0000000)
  eden space 722944K, 100% used [0x0000000740000000,0x000000076c200000,0x000000076c200000)
  from space 385536K, 99% used [0x000000076c200000,0x0000000783a1c228,0x0000000783a80000)
  to   space 697856K, 0% used [0x0000000795680000,0x0000000795680000,0x00000007c0000000)
 ParOldGen       total 2317312K, used 1752166K [0x0000000640000000, 0x00000006cd700000, 0x0000000740000000)
  object space 2317312K, 75% used [0x0000000640000000,0x00000006aaf19968,0x00000006cd700000)
 Metaspace       used 136116K, capacity 151988K, committed 152088K, reserved 1175552K
  class space    used 21009K, capacity 25027K, committed 25112K, reserved 1048576K
Event: 115.194 GC heap after
Heap after GC invocations=101 (full 7):
 PSYoungGen      total 1397248K, used 386372K [0x0000000740000000, 0x00000007c0000000, 0x00000007c0000000)
  eden space 699392K, 0% used [0x0000000740000000,0x0000000740000000,0x000000076ab00000)
  from space 697856K, 55% used [0x0000000795680000,0x00000007acfd12c0,0x00000007c0000000)
  to   space 698880K, 0% used [0x000000076ab00000,0x000000076ab00000,0x0000000795580000)
 ParOldGen       total 2317312K, used 1752174K [0x0000000640000000, 0x00000006cd700000, 0x0000000740000000)
  object space 2317312K, 75% used [0x0000000640000000,0x00000006aaf1b968,0x00000006cd700000)
 Metaspace       used 136116K, capacity 151988K, committed 152088K, reserved 1175552K
  class space    used 21009K, capacity 25027K, committed 25112K, reserved 1048576K
}

